[ 2017-01-07T23:12:46+08:00 ] 127.0.0.1 /hg/
INFO: [ app_init ] --START--
INFO: Run Behavior\BuildLiteBehavior [ RunTime:0.000027s ]
INFO: [ app_init ] --END-- [ RunTime:0.001102s ]
INFO: [ app_begin ] --START--
INFO: Run Behavior\ReadHtmlCacheBehavior [ RunTime:0.001824s ]
INFO: [ app_begin ] --END-- [ RunTime:0.001900s ]

[ 2017-01-07T23:12:46+08:00 ] 127.0.0.1 /hg/index.php?s=/Home/Login/index
INFO: [ app_init ] --START--
INFO: Run Behavior\BuildLiteBehavior [ RunTime:0.000023s ]
INFO: [ app_init ] --END-- [ RunTime:0.000532s ]
INFO: [ app_begin ] --START--
INFO: Run Behavior\ReadHtmlCacheBehavior [ RunTime:0.001013s ]
INFO: [ app_begin ] --END-- [ RunTime:0.001084s ]
INFO: [ view_parse ] --START--
INFO: [ template_filter ] --START--
INFO: Run Behavior\ContentReplaceBehavior [ RunTime:0.000123s ]
INFO: [ template_filter ] --END-- [ RunTime:0.000261s ]
INFO: Run Behavior\ParseTemplateBehavior [ RunTime:0.012971s ]
INFO: [ view_parse ] --END-- [ RunTime:0.013057s ]
INFO: [ view_filter ] --START--
INFO: Run Behavior\WriteHtmlCacheBehavior [ RunTime:0.001198s ]
INFO: [ view_filter ] --END-- [ RunTime:0.001263s ]
INFO: [ app_end ] --START--
INFO: Run Behavior\ShowPageTraceBehavior [ RunTime:0.001460s ]
INFO: [ app_end ] --END-- [ RunTime:0.001531s ]

[ 2017-01-07T23:12:52+08:00 ] 127.0.0.1 /hg/index.php?s=/Home/Login/login
INFO: [ app_init ] --START--
INFO: Run Behavior\BuildLiteBehavior [ RunTime:0.000022s ]
INFO: [ app_init ] --END-- [ RunTime:0.000538s ]
INFO: [ app_begin ] --START--
INFO: Run Behavior\ReadHtmlCacheBehavior [ RunTime:0.000910s ]
INFO: [ app_begin ] --END-- [ RunTime:0.001028s ]
SQL: SHOW COLUMNS FROM `hg_staff` [ RunTime:0.0097s ]
SQL: SHOW COLUMNS FROM `hg_section` [ RunTime:0.0097s ]
SQL: SHOW COLUMNS FROM `hg_unit` [ RunTime:0.0089s ]
SQL: SHOW COLUMNS FROM `hg_role` [ RunTime:0.0072s ]
SQL: SELECT Staff.id AS id,Staff.name AS name,Staff.number AS number,Staff.sectionid AS sectionid,Staff.password AS password,Staff.level AS level,Staff.roleid AS roleid,Staff.timestamp AS timestamp,Staff.locked AS locked,Section.name AS sectionname,Section.unitid AS unitid,Unit.name AS unitname,Role.name AS rolename FROM hg_staff Staff  JOIN hg_section Section ON Section.id=Staff.sectionid  JOIN hg_unit Unit ON Section.unitid=Unit.id  JOIN hg_role Role ON Staff.roleid=Role.id WHERE Staff.number = '1111111' LIMIT 1   [ RunTime:0.0023s ]
INFO: [ view_parse ] --START--
INFO: [ template_filter ] --START--
INFO: Run Behavior\ContentReplaceBehavior [ RunTime:0.000070s ]
INFO: [ template_filter ] --END-- [ RunTime:0.000158s ]
INFO: Run Behavior\ParseTemplateBehavior [ RunTime:0.009977s ]
INFO: [ view_parse ] --END-- [ RunTime:0.010063s ]
INFO: [ view_filter ] --START--
INFO: Run Behavior\WriteHtmlCacheBehavior [ RunTime:0.000531s ]
INFO: [ view_filter ] --END-- [ RunTime:0.000597s ]

[ 2017-01-07T23:12:59+08:00 ] 127.0.0.1 /hg/index.php?s=/Home/Login/login
INFO: [ app_init ] --START--
INFO: Run Behavior\BuildLiteBehavior [ RunTime:0.000022s ]
INFO: [ app_init ] --END-- [ RunTime:0.000472s ]
INFO: [ app_begin ] --START--
INFO: Run Behavior\ReadHtmlCacheBehavior [ RunTime:0.000604s ]
INFO: [ app_begin ] --END-- [ RunTime:0.000683s ]
SQL: SHOW COLUMNS FROM `hg_staff` [ RunTime:0.0056s ]
SQL: SHOW COLUMNS FROM `hg_section` [ RunTime:0.0061s ]
SQL: SHOW COLUMNS FROM `hg_unit` [ RunTime:0.0061s ]
SQL: SHOW COLUMNS FROM `hg_role` [ RunTime:0.0050s ]
SQL: SELECT Staff.id AS id,Staff.name AS name,Staff.number AS number,Staff.sectionid AS sectionid,Staff.password AS password,Staff.level AS level,Staff.roleid AS roleid,Staff.timestamp AS timestamp,Staff.locked AS locked,Section.name AS sectionname,Section.unitid AS unitid,Unit.name AS unitname,Role.name AS rolename FROM hg_staff Staff  JOIN hg_section Section ON Section.id=Staff.sectionid  JOIN hg_unit Unit ON Section.unitid=Unit.id  JOIN hg_role Role ON Staff.roleid=Role.id WHERE Staff.number = '1111111' LIMIT 1   [ RunTime:0.0014s ]
INFO: [ view_parse ] --START--
INFO: [ template_filter ] --START--
INFO: Run Behavior\ContentReplaceBehavior [ RunTime:0.000071s ]
INFO: [ template_filter ] --END-- [ RunTime:0.000162s ]
INFO: Run Behavior\ParseTemplateBehavior [ RunTime:0.008165s ]
INFO: [ view_parse ] --END-- [ RunTime:0.008250s ]
INFO: [ view_filter ] --START--
INFO: Run Behavior\WriteHtmlCacheBehavior [ RunTime:0.000531s ]
INFO: [ view_filter ] --END-- [ RunTime:0.000601s ]

[ 2017-01-07T23:13:08+08:00 ] 127.0.0.1 /hg/index.php?s=/Home/Login/login
INFO: [ app_init ] --START--
INFO: Run Behavior\BuildLiteBehavior [ RunTime:0.000025s ]
INFO: [ app_init ] --END-- [ RunTime:0.000824s ]
INFO: [ app_begin ] --START--
INFO: Run Behavior\ReadHtmlCacheBehavior [ RunTime:0.002062s ]
INFO: [ app_begin ] --END-- [ RunTime:0.002175s ]
SQL: SHOW COLUMNS FROM `hg_staff` [ RunTime:0.0065s ]
SQL: SHOW COLUMNS FROM `hg_section` [ RunTime:0.0057s ]
SQL: SHOW COLUMNS FROM `hg_unit` [ RunTime:0.0055s ]
SQL: SHOW COLUMNS FROM `hg_role` [ RunTime:0.0050s ]
SQL: SELECT Staff.id AS id,Staff.name AS name,Staff.number AS number,Staff.sectionid AS sectionid,Staff.password AS password,Staff.level AS level,Staff.roleid AS roleid,Staff.timestamp AS timestamp,Staff.locked AS locked,Section.name AS sectionname,Section.unitid AS unitid,Unit.name AS unitname,Role.name AS rolename FROM hg_staff Staff  JOIN hg_section Section ON Section.id=Staff.sectionid  JOIN hg_unit Unit ON Section.unitid=Unit.id  JOIN hg_role Role ON Staff.roleid=Role.id WHERE Staff.number = '1111111' LIMIT 1   [ RunTime:0.0013s ]

[ 2017-01-07T23:13:08+08:00 ] 127.0.0.1 /hg/index.php?s=/Home/Index/index
INFO: [ app_init ] --START--
INFO: Run Behavior\BuildLiteBehavior [ RunTime:0.000023s ]
INFO: [ app_init ] --END-- [ RunTime:0.000743s ]
INFO: [ app_begin ] --START--
INFO: Run Behavior\ReadHtmlCacheBehavior [ RunTime:0.003312s ]
INFO: [ app_begin ] --END-- [ RunTime:0.003429s ]
SQL: SHOW COLUMNS FROM `hg_placard` [ RunTime:0.0086s ]
SQL: SELECT * FROM `hg_placard` ORDER BY id desc LIMIT 10   [ RunTime:0.0005s ]
INFO: [ view_parse ] --START--
INFO: [ template_filter ] --START--
INFO: Run Behavior\ContentReplaceBehavior [ RunTime:0.000394s ]
INFO: [ template_filter ] --END-- [ RunTime:0.000514s ]
INFO: Run Behavior\ParseTemplateBehavior [ RunTime:0.025555s ]
INFO: [ view_parse ] --END-- [ RunTime:0.025690s ]
INFO: [ view_filter ] --START--
INFO: Run Behavior\WriteHtmlCacheBehavior [ RunTime:0.001461s ]
INFO: [ view_filter ] --END-- [ RunTime:0.001526s ]
INFO: [ app_end ] --START--
INFO: Run Behavior\ShowPageTraceBehavior [ RunTime:0.002974s ]
INFO: [ app_end ] --END-- [ RunTime:0.003111s ]

[ 2017-01-07T23:13:08+08:00 ] 127.0.0.1 /hg/index.php?s=/Home/Index/timer
INFO: [ app_init ] --START--
INFO: Run Behavior\BuildLiteBehavior [ RunTime:0.000044s ]
INFO: [ app_init ] --END-- [ RunTime:0.000909s ]
INFO: [ app_begin ] --START--
INFO: Run Behavior\ReadHtmlCacheBehavior [ RunTime:0.001351s ]
INFO: [ app_begin ] --END-- [ RunTime:0.001489s ]
INFO: [ app_end ] --START--
INFO: Run Behavior\ShowPageTraceBehavior [ RunTime:0.001082s ]
INFO: [ app_end ] --END-- [ RunTime:0.001171s ]

[ 2017-01-07T23:13:14+08:00 ] 127.0.0.1 /hg/index.php?s=/Home/Contract/index&_=1483801994031
INFO: [ app_init ] --START--
INFO: Run Behavior\BuildLiteBehavior [ RunTime:0.000042s ]
INFO: [ app_init ] --END-- [ RunTime:0.000906s ]
INFO: [ app_begin ] --START--
INFO: Run Behavior\ReadHtmlCacheBehavior [ RunTime:0.001381s ]
INFO: [ app_begin ] --END-- [ RunTime:0.001616s ]
SQL: SHOW COLUMNS FROM `hg_term` [ RunTime:0.0089s ]
SQL: SELECT * FROM `hg_term` WHERE ( status=1 ) LIMIT 1   [ RunTime:0.0006s ]
INFO: [ view_parse ] --START--
INFO: [ template_filter ] --START--
INFO: Run Behavior\ContentReplaceBehavior [ RunTime:0.000127s ]
INFO: [ template_filter ] --END-- [ RunTime:0.000210s ]
NOTIC: [8] Undefined variable: numPerPage D:\web\webroot\localhost\hg\Application\Runtime\Cache\Home\1d2ebdbd68a8cd6177a956287d21205f.php 第 5 行.
NOTIC: [8] Undefined variable: numPerPage D:\web\webroot\localhost\hg\Application\Runtime\Cache\Home\1d2ebdbd68a8cd6177a956287d21205f.php 第 11 行.
NOTIC: [8] Undefined index: isother D:\web\webroot\localhost\hg\Application\Runtime\Cache\Home\1d2ebdbd68a8cd6177a956287d21205f.php 第 21 行.
NOTIC: [8] Undefined index: isother D:\web\webroot\localhost\hg\Application\Runtime\Cache\Home\1d2ebdbd68a8cd6177a956287d21205f.php 第 22 行.
NOTIC: [8] Undefined index: name D:\web\webroot\localhost\hg\Application\Runtime\Cache\Home\1d2ebdbd68a8cd6177a956287d21205f.php 第 26 行.
NOTIC: [8] Undefined index: starttime D:\web\webroot\localhost\hg\Application\Runtime\Cache\Home\1d2ebdbd68a8cd6177a956287d21205f.php 第 29 行.
NOTIC: [8] Undefined index: endtime D:\web\webroot\localhost\hg\Application\Runtime\Cache\Home\1d2ebdbd68a8cd6177a956287d21205f.php 第 32 行.
NOTIC: [8] Undefined variable: list D:\web\webroot\localhost\hg\Application\Runtime\Cache\Home\1d2ebdbd68a8cd6177a956287d21205f.php 第 67 行.
NOTIC: [8] Undefined variable: numPerPage D:\web\webroot\localhost\hg\Application\Runtime\Cache\Home\1d2ebdbd68a8cd6177a956287d21205f.php 第 86 行.
NOTIC: [8] Undefined variable: numPerPage D:\web\webroot\localhost\hg\Application\Runtime\Cache\Home\1d2ebdbd68a8cd6177a956287d21205f.php 第 87 行.
NOTIC: [8] Undefined variable: numPerPage D:\web\webroot\localhost\hg\Application\Runtime\Cache\Home\1d2ebdbd68a8cd6177a956287d21205f.php 第 88 行.
NOTIC: [8] Undefined variable: numPerPage D:\web\webroot\localhost\hg\Application\Runtime\Cache\Home\1d2ebdbd68a8cd6177a956287d21205f.php 第 89 行.
NOTIC: [8] Undefined variable: totalCount D:\web\webroot\localhost\hg\Application\Runtime\Cache\Home\1d2ebdbd68a8cd6177a956287d21205f.php 第 91 行.
NOTIC: [8] Undefined variable: totalCount D:\web\webroot\localhost\hg\Application\Runtime\Cache\Home\1d2ebdbd68a8cd6177a956287d21205f.php 第 94 行.
NOTIC: [8] Undefined variable: numPerPage D:\web\webroot\localhost\hg\Application\Runtime\Cache\Home\1d2ebdbd68a8cd6177a956287d21205f.php 第 94 行.
NOTIC: [8] Undefined variable: currentPage D:\web\webroot\localhost\hg\Application\Runtime\Cache\Home\1d2ebdbd68a8cd6177a956287d21205f.php 第 94 行.
INFO: Run Behavior\ParseTemplateBehavior [ RunTime:0.020520s ]
INFO: [ view_parse ] --END-- [ RunTime:0.020634s ]
INFO: [ view_filter ] --START--
INFO: Run Behavior\WriteHtmlCacheBehavior [ RunTime:0.000792s ]
INFO: [ view_filter ] --END-- [ RunTime:0.000865s ]

[ 2017-01-07T23:13:16+08:00 ] 127.0.0.1 /hg/index.php?s=/Home/Contract/add&_=1483801995944
INFO: [ app_init ] --START--
INFO: Run Behavior\BuildLiteBehavior [ RunTime:0.000040s ]
INFO: [ app_init ] --END-- [ RunTime:0.000790s ]
INFO: [ app_begin ] --START--
INFO: Run Behavior\ReadHtmlCacheBehavior [ RunTime:0.000988s ]
INFO: [ app_begin ] --END-- [ RunTime:0.001136s ]
SQL: SHOW COLUMNS FROM `hg_term` [ RunTime:0.0078s ]
SQL: SELECT * FROM `hg_term` WHERE ( status=1 ) LIMIT 1   [ RunTime:0.0006s ]
SQL: SHOW COLUMNS FROM `hg_special` [ RunTime:0.0098s ]
SQL: SELECT DISTINCT  `year` FROM `hg_special` WHERE `unitid` = 1 AND `gov` = 1  [ RunTime:0.0004s ]
SQL: SHOW COLUMNS FROM `hg_special_other` [ RunTime:0.0085s ]
SQL: SHOW COLUMNS FROM `hg_staff` [ RunTime:0.0063s ]
SQL: SHOW COLUMNS FROM `hg_unit` [ RunTime:0.0054s ]
SQL: SHOW COLUMNS FROM `hg_section` [ RunTime:0.0066s ]
SQL: SELECT SpecialOther.id AS id,SpecialOther.name AS name,SpecialOther.year AS year,SpecialOther.money AS money,SpecialOther.unitid AS unitid,SpecialOther.sectionid AS sectionid,SpecialOther.staffid AS staffid,SpecialOther.remark AS remark,SpecialOther.timestamp AS timestamp,SpecialOther.confirm AS confirm,SpecialOther.confirmmoney AS confirmmoney,SpecialOther.cremark AS cremark,SpecialOther.used AS used,Staff.name AS staffname,Unit.name AS unitname,Section.name AS sectionname FROM hg_special_other SpecialOther  JOIN hg_staff Staff ON SpecialOther.staffid=Staff.id  JOIN hg_unit Unit ON SpecialOther.unitid=Unit.id  JOIN hg_section Section ON SpecialOther.sectionid=Section.id WHERE SpecialOther.unitid = '1' AND SpecialOther.confirm = 1 AND SpecialOther.used = 0 ORDER BY SpecialOther.id desc  [ RunTime:0.0008s ]
INFO: [ view_parse ] --START--
INFO: [ template_filter ] --START--
INFO: Run Behavior\ContentReplaceBehavior [ RunTime:0.000191s ]
INFO: [ template_filter ] --END-- [ RunTime:0.000304s ]
INFO: Run Behavior\ParseTemplateBehavior [ RunTime:0.016417s ]
INFO: [ view_parse ] --END-- [ RunTime:0.016521s ]
INFO: [ view_filter ] --START--
INFO: Run Behavior\WriteHtmlCacheBehavior [ RunTime:0.000575s ]
INFO: [ view_filter ] --END-- [ RunTime:0.000632s ]
INFO: [ app_end ] --START--
INFO: Run Behavior\ShowPageTraceBehavior [ RunTime:0.001014s ]
INFO: [ app_end ] --END-- [ RunTime:0.001122s ]

[ 2017-01-07T23:13:29+08:00 ] 127.0.0.1 /hg/index.php?s=/Home/Specialother/audit&_=1483802009827
INFO: [ app_init ] --START--
INFO: Run Behavior\BuildLiteBehavior [ RunTime:0.000219s ]
INFO: [ app_init ] --END-- [ RunTime:0.001115s ]
INFO: [ app_begin ] --START--
INFO: Run Behavior\ReadHtmlCacheBehavior [ RunTime:0.001116s ]
INFO: [ app_begin ] --END-- [ RunTime:0.001260s ]
SQL: SHOW COLUMNS FROM `hg_term` [ RunTime:0.0066s ]
SQL: SELECT * FROM `hg_term` WHERE ( status=1 ) LIMIT 1   [ RunTime:0.0005s ]
SQL: SHOW COLUMNS FROM `hg_section` [ RunTime:0.0062s ]
SQL: SELECT * FROM `hg_section` WHERE `unitid` = 1 AND `selock` = 0 ORDER BY id asc  [ RunTime:0.0008s ]
SQL: SHOW COLUMNS FROM `hg_special_other` [ RunTime:0.0067s ]
SQL: SELECT DISTINCT  `year` FROM `hg_special_other` WHERE `unitid` = 1 ORDER BY id asc  [ RunTime:0.0005s ]
SQL: SHOW COLUMNS FROM `hg_staff` [ RunTime:0.0064s ]
SQL: SHOW COLUMNS FROM `hg_unit` [ RunTime:0.0054s ]
SQL: SELECT COUNT(*) AS tp_count FROM hg_special_other SpecialOther  JOIN hg_staff Staff ON SpecialOther.staffid=Staff.id  JOIN hg_unit Unit ON SpecialOther.unitid=Unit.id  JOIN hg_section Section ON SpecialOther.sectionid=Section.id WHERE SpecialOther.unitid = '1' LIMIT 1   [ RunTime:0.0005s ]
SQL: SELECT SpecialOther.id AS id,SpecialOther.name AS name,SpecialOther.year AS year,SpecialOther.money AS money,SpecialOther.unitid AS unitid,SpecialOther.sectionid AS sectionid,SpecialOther.staffid AS staffid,SpecialOther.remark AS remark,SpecialOther.timestamp AS timestamp,SpecialOther.confirm AS confirm,SpecialOther.confirmmoney AS confirmmoney,SpecialOther.cremark AS cremark,SpecialOther.used AS used,Staff.name AS staffname,Unit.name AS unitname,Section.name AS sectionname FROM hg_special_other SpecialOther  JOIN hg_staff Staff ON SpecialOther.staffid=Staff.id  JOIN hg_unit Unit ON SpecialOther.unitid=Unit.id  JOIN hg_section Section ON SpecialOther.sectionid=Section.id WHERE SpecialOther.unitid = '1' ORDER BY SpecialOther.id desc LIMIT 0,50   [ RunTime:0.0007s ]
INFO: [ view_parse ] --START--
INFO: [ template_filter ] --START--
INFO: Run Behavior\ContentReplaceBehavior [ RunTime:0.000125s ]
INFO: [ template_filter ] --END-- [ RunTime:0.000207s ]
NOTIC: [8] Undefined variable: categorylist D:\web\webroot\localhost\hg\Application\Runtime\Cache\Home\51cbdef7e119b05f3efb8804cbd5f352.php 第 19 行.
NOTIC: [8] Undefined index: sectionid D:\web\webroot\localhost\hg\Application\Runtime\Cache\Home\51cbdef7e119b05f3efb8804cbd5f352.php 第 26 行.
NOTIC: [8] Undefined index: sectionid D:\web\webroot\localhost\hg\Application\Runtime\Cache\Home\51cbdef7e119b05f3efb8804cbd5f352.php 第 26 行.
NOTIC: [8] Undefined index: sectionid D:\web\webroot\localhost\hg\Application\Runtime\Cache\Home\51cbdef7e119b05f3efb8804cbd5f352.php 第 26 行.
NOTIC: [8] Undefined index: sectionid D:\web\webroot\localhost\hg\Application\Runtime\Cache\Home\51cbdef7e119b05f3efb8804cbd5f352.php 第 26 行.
NOTIC: [8] Undefined index: sectionid D:\web\webroot\localhost\hg\Application\Runtime\Cache\Home\51cbdef7e119b05f3efb8804cbd5f352.php 第 26 行.
NOTIC: [8] Undefined index: sectionid D:\web\webroot\localhost\hg\Application\Runtime\Cache\Home\51cbdef7e119b05f3efb8804cbd5f352.php 第 26 行.
NOTIC: [8] Undefined index: sectionid D:\web\webroot\localhost\hg\Application\Runtime\Cache\Home\51cbdef7e119b05f3efb8804cbd5f352.php 第 26 行.
NOTIC: [8] Undefined index: sectionid D:\web\webroot\localhost\hg\Application\Runtime\Cache\Home\51cbdef7e119b05f3efb8804cbd5f352.php 第 26 行.
NOTIC: [8] Undefined index: sectionid D:\web\webroot\localhost\hg\Application\Runtime\Cache\Home\51cbdef7e119b05f3efb8804cbd5f352.php 第 26 行.
NOTIC: [8] Undefined index: sectionid D:\web\webroot\localhost\hg\Application\Runtime\Cache\Home\51cbdef7e119b05f3efb8804cbd5f352.php 第 26 行.
NOTIC: [8] Undefined index: sectionid D:\web\webroot\localhost\hg\Application\Runtime\Cache\Home\51cbdef7e119b05f3efb8804cbd5f352.php 第 26 行.
NOTIC: [8] Undefined index: sectionid D:\web\webroot\localhost\hg\Application\Runtime\Cache\Home\51cbdef7e119b05f3efb8804cbd5f352.php 第 26 行.
NOTIC: [8] Undefined index: sectionid D:\web\webroot\localhost\hg\Application\Runtime\Cache\Home\51cbdef7e119b05f3efb8804cbd5f352.php 第 26 行.
NOTIC: [8] Undefined index: sectionid D:\web\webroot\localhost\hg\Application\Runtime\Cache\Home\51cbdef7e119b05f3efb8804cbd5f352.php 第 26 行.
NOTIC: [8] Undefined index: sectionid D:\web\webroot\localhost\hg\Application\Runtime\Cache\Home\51cbdef7e119b05f3efb8804cbd5f352.php 第 26 行.
NOTIC: [8] Undefined index: sectionid D:\web\webroot\localhost\hg\Application\Runtime\Cache\Home\51cbdef7e119b05f3efb8804cbd5f352.php 第 26 行.
NOTIC: [8] Undefined index: sectionid D:\web\webroot\localhost\hg\Application\Runtime\Cache\Home\51cbdef7e119b05f3efb8804cbd5f352.php 第 26 行.
NOTIC: [8] Undefined index: sectionid D:\web\webroot\localhost\hg\Application\Runtime\Cache\Home\51cbdef7e119b05f3efb8804cbd5f352.php 第 26 行.
INFO: Run Behavior\ParseTemplateBehavior [ RunTime:0.021100s ]
INFO: [ view_parse ] --END-- [ RunTime:0.021198s ]
INFO: [ view_filter ] --START--
INFO: Run Behavior\WriteHtmlCacheBehavior [ RunTime:0.000566s ]
INFO: [ view_filter ] --END-- [ RunTime:0.000623s ]
INFO: [ app_end ] --START--
INFO: Run Behavior\ShowPageTraceBehavior [ RunTime:0.000839s ]
INFO: [ app_end ] --END-- [ RunTime:0.000899s ]

[ 2017-01-07T23:13:39+08:00 ] 127.0.0.1 /hg/index.php?s=/Home/Bill/audit&_=1483802019753
INFO: [ app_init ] --START--
INFO: Run Behavior\BuildLiteBehavior [ RunTime:0.000042s ]
INFO: [ app_init ] --END-- [ RunTime:0.001075s ]
INFO: [ app_begin ] --START--
INFO: Run Behavior\ReadHtmlCacheBehavior [ RunTime:0.000756s ]
INFO: [ app_begin ] --END-- [ RunTime:0.000866s ]
SQL: SHOW COLUMNS FROM `hg_term` [ RunTime:0.0061s ]
SQL: SELECT * FROM `hg_term` WHERE ( status=1 ) LIMIT 1   [ RunTime:0.0005s ]
SQL: SHOW COLUMNS FROM `hg_section` [ RunTime:0.0064s ]
SQL: SELECT * FROM `hg_section` WHERE `unitid` = 1 AND `selock` = 0 ORDER BY id asc  [ RunTime:0.0008s ]
SQL: SELECT * FROM `hg_term` ORDER BY id asc  [ RunTime:0.0004s ]
SQL: SHOW COLUMNS FROM `hg_category` [ RunTime:0.0088s ]
SQL: SELECT * FROM `hg_category`  [ RunTime:0.0005s ]
NOTIC: [2] Invalid argument supplied for foreach() D:\web\webroot\localhost\hg\Application\Home\Common\function.php 第 161 行.
SQL: SHOW COLUMNS FROM `hg_special` [ RunTime:0.0066s ]
SQL: SELECT * FROM `hg_special` WHERE `year` = 2016  [ RunTime:0.0005s ]
NOTIC: [2] Invalid argument supplied for foreach() D:\web\webroot\localhost\hg\Application\Home\Common\function.php 第 183 行.
NOTIC: [8] Undefined index: statu D:\web\webroot\localhost\hg\Application\Home\Controller\BillController.class.php 第 455 行.
NOTIC: [8] Undefined index: type D:\web\webroot\localhost\hg\Application\Home\Controller\BillController.class.php 第 456 行.
NOTIC: [8] Undefined index: type D:\web\webroot\localhost\hg\Application\Home\Controller\BillController.class.php 第 457 行.
NOTIC: [8] Undefined index: type D:\web\webroot\localhost\hg\Application\Home\Controller\BillController.class.php 第 459 行.
SQL: SHOW COLUMNS FROM `hg_bill` [ RunTime:0.0095s ]
SQL: SHOW COLUMNS FROM `hg_conference` [ RunTime:0.0084s ]
SQL: SHOW COLUMNS FROM `hg_oncebudget` [ RunTime:0.0087s ]
SQL: SHOW COLUMNS FROM `hg_train` [ RunTime:0.0087s ]
SQL: SHOW COLUMNS FROM `hg_contract` [ RunTime:0.0082s ]
SQL: SHOW COLUMNS FROM `hg_staff` [ RunTime:0.0069s ]
SQL: SELECT COUNT(*) AS tp_count FROM hg_bill Bill LEFT JOIN hg_category Category ON Category.id=Bill.projectid LEFT JOIN hg_conference Conference ON Conference.id=Bill.projectid LEFT JOIN hg_oncebudget Oncebudget ON Oncebudget.id=Bill.projectid LEFT JOIN hg_special Special ON Special.id=Bill.projectid LEFT JOIN hg_train Train ON Train.id=Bill.projectid LEFT JOIN hg_contract Contract ON Contract.id=Bill.projectid LEFT JOIN hg_term Term ON Term.id=Bill.termid  JOIN hg_section Section ON Section.id=Bill.sectionid  JOIN hg_staff Staff ON Staff.id=Bill.staffid LEFT JOIN hg_staff Instaff ON Instaff.id=Bill.instaid LEFT JOIN hg_staff Chestaff ON Chestaff.id=Bill.chestaid WHERE Bill.unitid = '1' AND Bill.termid = '4' LIMIT 1   [ RunTime:0.0015s ]
SQL: SELECT Bill.id AS id,Bill.type AS type,Bill.projectid AS projectid,Bill.orderid AS orderid,Bill.instaid AS instaid,Bill.sectionid AS sectionid,Bill.staffid AS staffid,Bill.money AS money,Bill.remark AS remark,Bill.timestamp AS timestamp,Bill.termid AS termid,Bill.status AS status,Bill.chestaid AS chestaid,Bill.unitid AS unitid,Bill.confirm AS confirm,Bill.cremark AS cremark,Category.name AS categoryname,Conference.name AS conferencename,Oncebudget.name AS oncebudgetname,Special.name AS specialname,Train.name AS trainname,Contract.name AS contractname,Term.name AS termname,Section.name AS sectionname,Staff.name AS staffname,Instaff.name AS instaffname,Chestaff.name AS chestaffname FROM hg_bill Bill LEFT JOIN hg_category Category ON Category.id=Bill.projectid LEFT JOIN hg_conference Conference ON Conference.id=Bill.projectid LEFT JOIN hg_oncebudget Oncebudget ON Oncebudget.id=Bill.projectid LEFT JOIN hg_special Special ON Special.id=Bill.projectid LEFT JOIN hg_train Train ON Train.id=Bill.projectid LEFT JOIN hg_contract Contract ON Contract.id=Bill.projectid LEFT JOIN hg_term Term ON Term.id=Bill.termid  JOIN hg_section Section ON Section.id=Bill.sectionid  JOIN hg_staff Staff ON Staff.id=Bill.staffid LEFT JOIN hg_staff Instaff ON Instaff.id=Bill.instaid LEFT JOIN hg_staff Chestaff ON Chestaff.id=Bill.chestaid WHERE Bill.unitid = '1' AND Bill.termid = '4' ORDER BY Bill.id desc LIMIT 0,50   [ RunTime:0.0012s ]
INFO: [ view_parse ] --START--
INFO: [ template_filter ] --START--
INFO: Run Behavior\ContentReplaceBehavior [ RunTime:0.000214s ]
INFO: [ template_filter ] --END-- [ RunTime:0.000298s ]
NOTIC: [8] Undefined index: orderid D:\web\webroot\localhost\hg\Application\Runtime\Cache\Home\64caec888fc6d84dd47f77fbe4d17475.php 第 77 行.
NOTIC: [8] Undefined index: sectionid D:\web\webroot\localhost\hg\Application\Runtime\Cache\Home\64caec888fc6d84dd47f77fbe4d17475.php 第 83 行.
NOTIC: [8] Undefined index: sectionid D:\web\webroot\localhost\hg\Application\Runtime\Cache\Home\64caec888fc6d84dd47f77fbe4d17475.php 第 83 行.
NOTIC: [8] Undefined index: sectionid D:\web\webroot\localhost\hg\Application\Runtime\Cache\Home\64caec888fc6d84dd47f77fbe4d17475.php 第 83 行.
NOTIC: [8] Undefined index: sectionid D:\web\webroot\localhost\hg\Application\Runtime\Cache\Home\64caec888fc6d84dd47f77fbe4d17475.php 第 83 行.
NOTIC: [8] Undefined index: sectionid D:\web\webroot\localhost\hg\Application\Runtime\Cache\Home\64caec888fc6d84dd47f77fbe4d17475.php 第 83 行.
NOTIC: [8] Undefined index: sectionid D:\web\webroot\localhost\hg\Application\Runtime\Cache\Home\64caec888fc6d84dd47f77fbe4d17475.php 第 83 行.
NOTIC: [8] Undefined index: sectionid D:\web\webroot\localhost\hg\Application\Runtime\Cache\Home\64caec888fc6d84dd47f77fbe4d17475.php 第 83 行.
NOTIC: [8] Undefined index: sectionid D:\web\webroot\localhost\hg\Application\Runtime\Cache\Home\64caec888fc6d84dd47f77fbe4d17475.php 第 83 行.
NOTIC: [8] Undefined index: sectionid D:\web\webroot\localhost\hg\Application\Runtime\Cache\Home\64caec888fc6d84dd47f77fbe4d17475.php 第 83 行.
NOTIC: [8] Undefined index: sectionid D:\web\webroot\localhost\hg\Application\Runtime\Cache\Home\64caec888fc6d84dd47f77fbe4d17475.php 第 83 行.
NOTIC: [8] Undefined index: sectionid D:\web\webroot\localhost\hg\Application\Runtime\Cache\Home\64caec888fc6d84dd47f77fbe4d17475.php 第 83 行.
NOTIC: [8] Undefined index: sectionid D:\web\webroot\localhost\hg\Application\Runtime\Cache\Home\64caec888fc6d84dd47f77fbe4d17475.php 第 83 行.
NOTIC: [8] Undefined index: sectionid D:\web\webroot\localhost\hg\Application\Runtime\Cache\Home\64caec888fc6d84dd47f77fbe4d17475.php 第 83 行.
NOTIC: [8] Undefined index: sectionid D:\web\webroot\localhost\hg\Application\Runtime\Cache\Home\64caec888fc6d84dd47f77fbe4d17475.php 第 83 行.
NOTIC: [8] Undefined index: sectionid D:\web\webroot\localhost\hg\Application\Runtime\Cache\Home\64caec888fc6d84dd47f77fbe4d17475.php 第 83 行.
NOTIC: [8] Undefined index: sectionid D:\web\webroot\localhost\hg\Application\Runtime\Cache\Home\64caec888fc6d84dd47f77fbe4d17475.php 第 83 行.
NOTIC: [8] Undefined index: sectionid D:\web\webroot\localhost\hg\Application\Runtime\Cache\Home\64caec888fc6d84dd47f77fbe4d17475.php 第 83 行.
NOTIC: [8] Undefined index: sectionid D:\web\webroot\localhost\hg\Application\Runtime\Cache\Home\64caec888fc6d84dd47f77fbe4d17475.php 第 83 行.
NOTIC: [8] Undefined index: type D:\web\webroot\localhost\hg\Application\Runtime\Cache\Home\64caec888fc6d84dd47f77fbe4d17475.php 第 96 行.
NOTIC: [8] Undefined index: type D:\web\webroot\localhost\hg\Application\Runtime\Cache\Home\64caec888fc6d84dd47f77fbe4d17475.php 第 97 行.
NOTIC: [8] Undefined index: type D:\web\webroot\localhost\hg\Application\Runtime\Cache\Home\64caec888fc6d84dd47f77fbe4d17475.php 第 98 行.
NOTIC: [8] Undefined index: type D:\web\webroot\localhost\hg\Application\Runtime\Cache\Home\64caec888fc6d84dd47f77fbe4d17475.php 第 99 行.
NOTIC: [8] Undefined index: type D:\web\webroot\localhost\hg\Application\Runtime\Cache\Home\64caec888fc6d84dd47f77fbe4d17475.php 第 100 行.
NOTIC: [8] Undefined index: type D:\web\webroot\localhost\hg\Application\Runtime\Cache\Home\64caec888fc6d84dd47f77fbe4d17475.php 第 101 行.
NOTIC: [8] Undefined index: status D:\web\webroot\localhost\hg\Application\Runtime\Cache\Home\64caec888fc6d84dd47f77fbe4d17475.php 第 120 行.
NOTIC: [8] Undefined index: status D:\web\webroot\localhost\hg\Application\Runtime\Cache\Home\64caec888fc6d84dd47f77fbe4d17475.php 第 121 行.
NOTIC: [8] Undefined index: status D:\web\webroot\localhost\hg\Application\Runtime\Cache\Home\64caec888fc6d84dd47f77fbe4d17475.php 第 122 行.
INFO: Run Behavior\ParseTemplateBehavior [ RunTime:0.027987s ]
INFO: [ view_parse ] --END-- [ RunTime:0.028065s ]
INFO: [ view_filter ] --START--
INFO: Run Behavior\WriteHtmlCacheBehavior [ RunTime:0.000615s ]
INFO: [ view_filter ] --END-- [ RunTime:0.000679s ]
INFO: [ app_end ] --START--
INFO: Run Behavior\ShowPageTraceBehavior [ RunTime:0.000962s ]
INFO: [ app_end ] --END-- [ RunTime:0.001039s ]

[ 2017-01-07T23:13:42+08:00 ] 127.0.0.1 /hg/index.php?s=/Home/Income/audit&_=1483802022799
INFO: [ app_init ] --START--
INFO: Run Behavior\BuildLiteBehavior [ RunTime:0.000039s ]
INFO: [ app_init ] --END-- [ RunTime:0.000813s ]
INFO: [ app_begin ] --START--
INFO: Run Behavior\ReadHtmlCacheBehavior [ RunTime:0.001023s ]
INFO: [ app_begin ] --END-- [ RunTime:0.001167s ]
SQL: SHOW COLUMNS FROM `hg_term` [ RunTime:0.0076s ]
SQL: SELECT * FROM `hg_term` WHERE ( status=1 ) LIMIT 1   [ RunTime:0.0005s ]
SQL: SHOW COLUMNS FROM `hg_category` [ RunTime:0.0065s ]
SQL: SELECT * FROM `hg_category` ORDER BY id asc  [ RunTime:0.0006s ]
SQL: SHOW COLUMNS FROM `hg_section` [ RunTime:0.0062s ]
SQL: SELECT * FROM `hg_section` WHERE `unitid` = 1 AND `selock` = 0 ORDER BY id asc  [ RunTime:0.0007s ]
SQL: SELECT * FROM `hg_term` ORDER BY id asc  [ RunTime:0.0004s ]
SQL: SHOW COLUMNS FROM `hg_income` [ RunTime:0.0096s ]
SQL: SHOW COLUMNS FROM `hg_staff` [ RunTime:0.0057s ]
SQL: SELECT COUNT(*) AS tp_count FROM hg_income Income  JOIN hg_category Category ON Category.id=Income.categoryid  JOIN hg_term Term ON Term.id=Income.termid  JOIN hg_section Section ON Section.id=Income.sectionid  JOIN hg_staff Staff ON Staff.id=Income.staffid WHERE Income.unitid = '1' AND Income.termid = '4' LIMIT 1   [ RunTime:0.0007s ]
SQL: SELECT Income.id AS id,Income.orderid AS orderid,Income.termid AS termid,Income.sectionid AS sectionid,Income.staffid AS staffid,Income.categoryid AS categoryid,Income.money AS money,Income.remark AS remark,Income.timestamp AS timestamp,Income.once AS once,Income.name AS name,Income.status AS status,Income.confirm AS confirm,Income.cremark AS cremark,Category.name AS categoryname,Term.name AS termname,Section.name AS sectionname,Staff.name AS staffname FROM hg_income Income  JOIN hg_category Category ON Category.id=Income.categoryid  JOIN hg_term Term ON Term.id=Income.termid  JOIN hg_section Section ON Section.id=Income.sectionid  JOIN hg_staff Staff ON Staff.id=Income.staffid WHERE Income.unitid = '1' AND Income.termid = '4' ORDER BY Income.id desc LIMIT 0,50   [ RunTime:0.0008s ]
INFO: [ view_parse ] --START--
INFO: [ template_filter ] --START--
INFO: Run Behavior\ContentReplaceBehavior [ RunTime:0.000122s ]
INFO: [ template_filter ] --END-- [ RunTime:0.000228s ]
NOTIC: [8] Undefined index: sectionid D:\web\webroot\localhost\hg\Application\Runtime\Cache\Home\7fe0fbbe5d87f0c65a926c9f2d8ea084.php 第 26 行.
NOTIC: [8] Undefined index: sectionid D:\web\webroot\localhost\hg\Application\Runtime\Cache\Home\7fe0fbbe5d87f0c65a926c9f2d8ea084.php 第 26 行.
NOTIC: [8] Undefined index: sectionid D:\web\webroot\localhost\hg\Application\Runtime\Cache\Home\7fe0fbbe5d87f0c65a926c9f2d8ea084.php 第 26 行.
NOTIC: [8] Undefined index: sectionid D:\web\webroot\localhost\hg\Application\Runtime\Cache\Home\7fe0fbbe5d87f0c65a926c9f2d8ea084.php 第 26 行.
NOTIC: [8] Undefined index: sectionid D:\web\webroot\localhost\hg\Application\Runtime\Cache\Home\7fe0fbbe5d87f0c65a926c9f2d8ea084.php 第 26 行.
NOTIC: [8] Undefined index: sectionid D:\web\webroot\localhost\hg\Application\Runtime\Cache\Home\7fe0fbbe5d87f0c65a926c9f2d8ea084.php 第 26 行.
NOTIC: [8] Undefined index: sectionid D:\web\webroot\localhost\hg\Application\Runtime\Cache\Home\7fe0fbbe5d87f0c65a926c9f2d8ea084.php 第 26 行.
NOTIC: [8] Undefined index: sectionid D:\web\webroot\localhost\hg\Application\Runtime\Cache\Home\7fe0fbbe5d87f0c65a926c9f2d8ea084.php 第 26 行.
NOTIC: [8] Undefined index: sectionid D:\web\webroot\localhost\hg\Application\Runtime\Cache\Home\7fe0fbbe5d87f0c65a926c9f2d8ea084.php 第 26 行.
NOTIC: [8] Undefined index: sectionid D:\web\webroot\localhost\hg\Application\Runtime\Cache\Home\7fe0fbbe5d87f0c65a926c9f2d8ea084.php 第 26 行.
NOTIC: [8] Undefined index: sectionid D:\web\webroot\localhost\hg\Application\Runtime\Cache\Home\7fe0fbbe5d87f0c65a926c9f2d8ea084.php 第 26 行.
NOTIC: [8] Undefined index: sectionid D:\web\webroot\localhost\hg\Application\Runtime\Cache\Home\7fe0fbbe5d87f0c65a926c9f2d8ea084.php 第 26 行.
NOTIC: [8] Undefined index: sectionid D:\web\webroot\localhost\hg\Application\Runtime\Cache\Home\7fe0fbbe5d87f0c65a926c9f2d8ea084.php 第 26 行.
NOTIC: [8] Undefined index: sectionid D:\web\webroot\localhost\hg\Application\Runtime\Cache\Home\7fe0fbbe5d87f0c65a926c9f2d8ea084.php 第 26 行.
NOTIC: [8] Undefined index: sectionid D:\web\webroot\localhost\hg\Application\Runtime\Cache\Home\7fe0fbbe5d87f0c65a926c9f2d8ea084.php 第 26 行.
NOTIC: [8] Undefined index: sectionid D:\web\webroot\localhost\hg\Application\Runtime\Cache\Home\7fe0fbbe5d87f0c65a926c9f2d8ea084.php 第 26 行.
NOTIC: [8] Undefined index: sectionid D:\web\webroot\localhost\hg\Application\Runtime\Cache\Home\7fe0fbbe5d87f0c65a926c9f2d8ea084.php 第 26 行.
NOTIC: [8] Undefined index: sectionid D:\web\webroot\localhost\hg\Application\Runtime\Cache\Home\7fe0fbbe5d87f0c65a926c9f2d8ea084.php 第 26 行.
INFO: Run Behavior\ParseTemplateBehavior [ RunTime:0.022794s ]
INFO: [ view_parse ] --END-- [ RunTime:0.022873s ]
INFO: [ view_filter ] --START--
INFO: Run Behavior\WriteHtmlCacheBehavior [ RunTime:0.000558s ]
INFO: [ view_filter ] --END-- [ RunTime:0.000615s ]
INFO: [ app_end ] --START--
INFO: Run Behavior\ShowPageTraceBehavior [ RunTime:0.000838s ]
INFO: [ app_end ] --END-- [ RunTime:0.000899s ]

[ 2017-01-07T23:13:50+08:00 ] 127.0.0.1 /hg/index.php?s=/Home/Spebudget/index&_=1483802030423
INFO: [ app_init ] --START--
INFO: Run Behavior\BuildLiteBehavior [ RunTime:0.000042s ]
INFO: [ app_init ] --END-- [ RunTime:0.002722s ]
INFO: [ app_begin ] --START--
INFO: Run Behavior\ReadHtmlCacheBehavior [ RunTime:0.004251s ]
INFO: [ app_begin ] --END-- [ RunTime:0.004447s ]
SQL: SHOW COLUMNS FROM `hg_term` [ RunTime:0.0068s ]
SQL: SELECT * FROM `hg_term` WHERE ( status=1 ) LIMIT 1   [ RunTime:0.0006s ]
SQL: SHOW COLUMNS FROM `hg_section` [ RunTime:0.0066s ]
SQL: SELECT * FROM `hg_section` WHERE `unitid` = 1 AND `selock` = 0 ORDER BY id asc  [ RunTime:0.0008s ]
SQL: SHOW COLUMNS FROM `hg_special` [ RunTime:0.0073s ]
SQL: SELECT * FROM `hg_special` WHERE `pid` = 0 AND `year` = 2016  [ RunTime:0.0006s ]
SQL: SELECT DISTINCT  `year` FROM `hg_special` WHERE ( pid=0 ) ORDER BY year desc  [ RunTime:0.0004s ]
SQL: SHOW COLUMNS FROM `hg_spebudget` [ RunTime:0.0078s ]
SQL: SELECT COUNT(*) AS tp_count FROM hg_spebudget Spebudget  JOIN hg_section Section ON Section.id=Spebudget.sectionid  JOIN hg_special Special ON Special.id=Spebudget.specialid WHERE Spebudget.unitid = '1' AND Special.year = '2016' LIMIT 1   [ RunTime:0.0005s ]
SQL: SELECT Spebudget.id AS id,Spebudget.specialid AS specialid,Spebudget.firstallmoney AS firstallmoney,Spebudget.money AS money,Spebudget.sectionid AS sectionid,Spebudget.unitid AS unitid,Spebudget.timestamp AS timestamp,Spebudget.total AS total,Section.name AS sectionname,Special.year AS year,Special.gov AS gov,Special.name AS specialname FROM hg_spebudget Spebudget  JOIN hg_section Section ON Section.id=Spebudget.sectionid  JOIN hg_special Special ON Special.id=Spebudget.specialid WHERE Spebudget.unitid = '1' AND Special.year = '2016' ORDER BY Spebudget.id asc LIMIT 0,50   [ RunTime:0.0006s ]
NOTIC: [2] Invalid argument supplied for foreach() D:\web\webroot\localhost\hg\Application\Home\Controller\SpebudgetController.class.php 第 66 行.
NOTIC: [8] Undefined variable: list D:\web\webroot\localhost\hg\Application\Home\Controller\SpebudgetController.class.php 第 105 行.
INFO: [ view_parse ] --START--
INFO: [ template_filter ] --START--
INFO: Run Behavior\ContentReplaceBehavior [ RunTime:0.000197s ]
INFO: [ template_filter ] --END-- [ RunTime:0.000280s ]
NOTIC: [8] Undefined index: name D:\web\webroot\localhost\hg\Application\Runtime\Cache\Home\6fc45d5584200b78cf8933579bdfa756.php 第 92 行.
NOTIC: [8] Undefined index: sectionid D:\web\webroot\localhost\hg\Application\Runtime\Cache\Home\6fc45d5584200b78cf8933579bdfa756.php 第 97 行.
NOTIC: [8] Undefined index: sectionid D:\web\webroot\localhost\hg\Application\Runtime\Cache\Home\6fc45d5584200b78cf8933579bdfa756.php 第 97 行.
NOTIC: [8] Undefined index: sectionid D:\web\webroot\localhost\hg\Application\Runtime\Cache\Home\6fc45d5584200b78cf8933579bdfa756.php 第 97 行.
NOTIC: [8] Undefined index: sectionid D:\web\webroot\localhost\hg\Application\Runtime\Cache\Home\6fc45d5584200b78cf8933579bdfa756.php 第 97 行.
NOTIC: [8] Undefined index: sectionid D:\web\webroot\localhost\hg\Application\Runtime\Cache\Home\6fc45d5584200b78cf8933579bdfa756.php 第 97 行.
NOTIC: [8] Undefined index: sectionid D:\web\webroot\localhost\hg\Application\Runtime\Cache\Home\6fc45d5584200b78cf8933579bdfa756.php 第 97 行.
NOTIC: [8] Undefined index: sectionid D:\web\webroot\localhost\hg\Application\Runtime\Cache\Home\6fc45d5584200b78cf8933579bdfa756.php 第 97 行.
NOTIC: [8] Undefined index: sectionid D:\web\webroot\localhost\hg\Application\Runtime\Cache\Home\6fc45d5584200b78cf8933579bdfa756.php 第 97 行.
NOTIC: [8] Undefined index: sectionid D:\web\webroot\localhost\hg\Application\Runtime\Cache\Home\6fc45d5584200b78cf8933579bdfa756.php 第 97 行.
NOTIC: [8] Undefined index: sectionid D:\web\webroot\localhost\hg\Application\Runtime\Cache\Home\6fc45d5584200b78cf8933579bdfa756.php 第 97 行.
NOTIC: [8] Undefined index: sectionid D:\web\webroot\localhost\hg\Application\Runtime\Cache\Home\6fc45d5584200b78cf8933579bdfa756.php 第 97 行.
NOTIC: [8] Undefined index: sectionid D:\web\webroot\localhost\hg\Application\Runtime\Cache\Home\6fc45d5584200b78cf8933579bdfa756.php 第 97 行.
NOTIC: [8] Undefined index: sectionid D:\web\webroot\localhost\hg\Application\Runtime\Cache\Home\6fc45d5584200b78cf8933579bdfa756.php 第 97 行.
NOTIC: [8] Undefined index: sectionid D:\web\webroot\localhost\hg\Application\Runtime\Cache\Home\6fc45d5584200b78cf8933579bdfa756.php 第 97 行.
NOTIC: [8] Undefined index: sectionid D:\web\webroot\localhost\hg\Application\Runtime\Cache\Home\6fc45d5584200b78cf8933579bdfa756.php 第 97 行.
NOTIC: [8] Undefined index: sectionid D:\web\webroot\localhost\hg\Application\Runtime\Cache\Home\6fc45d5584200b78cf8933579bdfa756.php 第 97 行.
NOTIC: [8] Undefined index: sectionid D:\web\webroot\localhost\hg\Application\Runtime\Cache\Home\6fc45d5584200b78cf8933579bdfa756.php 第 97 行.
NOTIC: [8] Undefined index: sectionid D:\web\webroot\localhost\hg\Application\Runtime\Cache\Home\6fc45d5584200b78cf8933579bdfa756.php 第 97 行.
INFO: Run Behavior\ParseTemplateBehavior [ RunTime:0.020947s ]
INFO: [ view_parse ] --END-- [ RunTime:0.021050s ]
INFO: [ view_filter ] --START--
INFO: Run Behavior\WriteHtmlCacheBehavior [ RunTime:0.000656s ]
INFO: [ view_filter ] --END-- [ RunTime:0.000729s ]
INFO: [ app_end ] --START--
INFO: Run Behavior\ShowPageTraceBehavior [ RunTime:0.001118s ]
INFO: [ app_end ] --END-- [ RunTime:0.001182s ]

[ 2017-01-07T23:13:50+08:00 ] 127.0.0.1 /hg/index.php?s=/Home/Spebudget/get_c_spe
INFO: [ app_init ] --START--
INFO: Run Behavior\BuildLiteBehavior [ RunTime:0.000026s ]
INFO: [ app_init ] --END-- [ RunTime:0.000623s ]
INFO: [ app_begin ] --START--
INFO: Run Behavior\ReadHtmlCacheBehavior [ RunTime:0.000736s ]
INFO: [ app_begin ] --END-- [ RunTime:0.000824s ]
SQL: SHOW COLUMNS FROM `hg_term` [ RunTime:0.0061s ]
SQL: SELECT * FROM `hg_term` WHERE ( status=1 ) LIMIT 1   [ RunTime:0.0005s ]
INFO: [ app_end ] --START--
INFO: Run Behavior\ShowPageTraceBehavior [ RunTime:0.001568s ]
INFO: [ app_end ] --END-- [ RunTime:0.001682s ]

[ 2017-01-07T23:13:52+08:00 ] 127.0.0.1 /hg/index.php?s=/Home/Spebudget/add&_=1483802032162
INFO: [ app_init ] --START--
INFO: Run Behavior\BuildLiteBehavior [ RunTime:0.000035s ]
INFO: [ app_init ] --END-- [ RunTime:0.000717s ]
INFO: [ app_begin ] --START--
INFO: Run Behavior\ReadHtmlCacheBehavior [ RunTime:0.000854s ]
INFO: [ app_begin ] --END-- [ RunTime:0.000981s ]
SQL: SHOW COLUMNS FROM `hg_term` [ RunTime:0.0079s ]
SQL: SELECT * FROM `hg_term` WHERE ( status=1 ) LIMIT 1   [ RunTime:0.0007s ]
SQL: SHOW COLUMNS FROM `hg_special` [ RunTime:0.0082s ]
SQL: SELECT DISTINCT  `year` FROM `hg_special` WHERE ( pid=0 ) ORDER BY year desc  [ RunTime:0.0006s ]
SQL: SELECT * FROM `hg_special` WHERE `pid` = 0 AND `year` = null  [ RunTime:0.0006s ]
SQL: SHOW COLUMNS FROM `hg_section` [ RunTime:0.0071s ]
SQL: SELECT * FROM `hg_section` WHERE `unitid` = 1 AND `selock` = 0 ORDER BY id asc  [ RunTime:0.0008s ]
INFO: [ view_parse ] --START--
INFO: [ template_filter ] --START--
INFO: Run Behavior\ContentReplaceBehavior [ RunTime:0.000148s ]
INFO: [ template_filter ] --END-- [ RunTime:0.000258s ]
INFO: Run Behavior\ParseTemplateBehavior [ RunTime:0.017218s ]
INFO: [ view_parse ] --END-- [ RunTime:0.017315s ]
INFO: [ view_filter ] --START--
INFO: Run Behavior\WriteHtmlCacheBehavior [ RunTime:0.000583s ]
INFO: [ view_filter ] --END-- [ RunTime:0.000639s ]
INFO: [ app_end ] --START--
INFO: Run Behavior\ShowPageTraceBehavior [ RunTime:0.000894s ]
INFO: [ app_end ] --END-- [ RunTime:0.000960s ]

[ 2017-01-07T23:14:08+08:00 ] 127.0.0.1 /hg/index.php?s=/Home/Index/timer/1483802049
INFO: [ app_init ] --START--
INFO: Run Behavior\BuildLiteBehavior [ RunTime:0.000023s ]
INFO: [ app_init ] --END-- [ RunTime:0.000549s ]
INFO: [ app_begin ] --START--
INFO: Run Behavior\ReadHtmlCacheBehavior [ RunTime:0.000601s ]
INFO: [ app_begin ] --END-- [ RunTime:0.000676s ]

[ 2017-01-07T23:14:08+08:00 ] 127.0.0.1 /hg/index.php?s=/Home/Login/index
INFO: [ app_init ] --START--
INFO: Run Behavior\BuildLiteBehavior [ RunTime:0.000022s ]
INFO: [ app_init ] --END-- [ RunTime:0.000460s ]
INFO: [ app_begin ] --START--
INFO: Run Behavior\ReadHtmlCacheBehavior [ RunTime:0.000652s ]
INFO: [ app_begin ] --END-- [ RunTime:0.000727s ]
INFO: [ view_parse ] --START--
INFO: [ template_filter ] --START--
INFO: Run Behavior\ContentReplaceBehavior [ RunTime:0.000085s ]
INFO: [ template_filter ] --END-- [ RunTime:0.000237s ]
INFO: Run Behavior\ParseTemplateBehavior [ RunTime:0.009864s ]
INFO: [ view_parse ] --END-- [ RunTime:0.009971s ]
INFO: [ view_filter ] --START--
INFO: Run Behavior\WriteHtmlCacheBehavior [ RunTime:0.000588s ]
INFO: [ view_filter ] --END-- [ RunTime:0.000653s ]
INFO: [ app_end ] --START--
INFO: Run Behavior\ShowPageTraceBehavior [ RunTime:0.000869s ]
INFO: [ app_end ] --END-- [ RunTime:0.000941s ]

[ 2017-01-07T23:15:08+08:00 ] 127.0.0.1 /hg/index.php?s=/Home/Index/timer/1483802109
INFO: [ app_init ] --START--
INFO: Run Behavior\BuildLiteBehavior [ RunTime:0.000038s ]
INFO: [ app_init ] --END-- [ RunTime:0.000730s ]
INFO: [ app_begin ] --START--
INFO: Run Behavior\ReadHtmlCacheBehavior [ RunTime:0.000656s ]
INFO: [ app_begin ] --END-- [ RunTime:0.000767s ]

[ 2017-01-07T23:15:08+08:00 ] 127.0.0.1 /hg/index.php?s=/Home/Login/index
INFO: [ app_init ] --START--
INFO: Run Behavior\BuildLiteBehavior [ RunTime:0.000034s ]
INFO: [ app_init ] --END-- [ RunTime:0.000567s ]
INFO: [ app_begin ] --START--
INFO: Run Behavior\ReadHtmlCacheBehavior [ RunTime:0.001174s ]
INFO: [ app_begin ] --END-- [ RunTime:0.001343s ]
INFO: [ view_parse ] --START--
INFO: [ template_filter ] --START--
INFO: Run Behavior\ContentReplaceBehavior [ RunTime:0.000083s ]
INFO: [ template_filter ] --END-- [ RunTime:0.000194s ]
INFO: Run Behavior\ParseTemplateBehavior [ RunTime:0.009356s ]
INFO: [ view_parse ] --END-- [ RunTime:0.009515s ]
INFO: [ view_filter ] --START--
INFO: Run Behavior\WriteHtmlCacheBehavior [ RunTime:0.000784s ]
INFO: [ view_filter ] --END-- [ RunTime:0.000877s ]
INFO: [ app_end ] --START--
INFO: Run Behavior\ShowPageTraceBehavior [ RunTime:0.000931s ]
INFO: [ app_end ] --END-- [ RunTime:0.001019s ]

[ 2017-01-07T23:16:09+08:00 ] 127.0.0.1 /hg/index.php?s=/Home/Index/timer/1483802169
INFO: [ app_init ] --START--
INFO: Run Behavior\BuildLiteBehavior [ RunTime:0.000044s ]
INFO: [ app_init ] --END-- [ RunTime:0.002068s ]
INFO: [ app_begin ] --START--
INFO: Run Behavior\ReadHtmlCacheBehavior [ RunTime:0.001632s ]
INFO: [ app_begin ] --END-- [ RunTime:0.001723s ]

[ 2017-01-07T23:16:09+08:00 ] 127.0.0.1 /hg/index.php?s=/Home/Login/index
INFO: [ app_init ] --START--
INFO: Run Behavior\BuildLiteBehavior [ RunTime:0.000026s ]
INFO: [ app_init ] --END-- [ RunTime:0.000800s ]
INFO: [ app_begin ] --START--
INFO: Run Behavior\ReadHtmlCacheBehavior [ RunTime:0.002276s ]
INFO: [ app_begin ] --END-- [ RunTime:0.002379s ]
INFO: [ view_parse ] --START--
INFO: [ template_filter ] --START--
INFO: Run Behavior\ContentReplaceBehavior [ RunTime:0.000084s ]
INFO: [ template_filter ] --END-- [ RunTime:0.000187s ]
INFO: Run Behavior\ParseTemplateBehavior [ RunTime:0.013445s ]
INFO: [ view_parse ] --END-- [ RunTime:0.013554s ]
INFO: [ view_filter ] --START--
INFO: Run Behavior\WriteHtmlCacheBehavior [ RunTime:0.001394s ]
INFO: [ view_filter ] --END-- [ RunTime:0.001457s ]
INFO: [ app_end ] --START--
INFO: Run Behavior\ShowPageTraceBehavior [ RunTime:0.001805s ]
INFO: [ app_end ] --END-- [ RunTime:0.001877s ]

[ 2017-01-07T23:17:08+08:00 ] 127.0.0.1 /hg/index.php?s=/Home/Index/timer/1483802229
INFO: [ app_init ] --START--
INFO: Run Behavior\BuildLiteBehavior [ RunTime:0.000027s ]
INFO: [ app_init ] --END-- [ RunTime:0.000762s ]
INFO: [ app_begin ] --START--
INFO: Run Behavior\ReadHtmlCacheBehavior [ RunTime:0.001692s ]
INFO: [ app_begin ] --END-- [ RunTime:0.001782s ]

[ 2017-01-07T23:17:08+08:00 ] 127.0.0.1 /hg/index.php?s=/Home/Login/index
INFO: [ app_init ] --START--
INFO: Run Behavior\BuildLiteBehavior [ RunTime:0.000024s ]
INFO: [ app_init ] --END-- [ RunTime:0.000737s ]
INFO: [ app_begin ] --START--
INFO: Run Behavior\ReadHtmlCacheBehavior [ RunTime:0.001654s ]
INFO: [ app_begin ] --END-- [ RunTime:0.001728s ]
INFO: [ view_parse ] --START--
INFO: [ template_filter ] --START--
INFO: Run Behavior\ContentReplaceBehavior [ RunTime:0.000082s ]
INFO: [ template_filter ] --END-- [ RunTime:0.000180s ]
INFO: Run Behavior\ParseTemplateBehavior [ RunTime:0.013619s ]
INFO: [ view_parse ] --END-- [ RunTime:0.013694s ]
INFO: [ view_filter ] --START--
INFO: Run Behavior\WriteHtmlCacheBehavior [ RunTime:0.001317s ]
INFO: [ view_filter ] --END-- [ RunTime:0.001380s ]
INFO: [ app_end ] --START--
INFO: Run Behavior\ShowPageTraceBehavior [ RunTime:0.001629s ]
INFO: [ app_end ] --END-- [ RunTime:0.001696s ]

[ 2017-01-07T23:18:09+08:00 ] 127.0.0.1 /hg/index.php?s=/Home/Index/timer/1483802289
INFO: [ app_init ] --START--
INFO: Run Behavior\BuildLiteBehavior [ RunTime:0.000025s ]
INFO: [ app_init ] --END-- [ RunTime:0.000608s ]
INFO: [ app_begin ] --START--
INFO: Run Behavior\ReadHtmlCacheBehavior [ RunTime:0.001100s ]
INFO: [ app_begin ] --END-- [ RunTime:0.001178s ]

[ 2017-01-07T23:18:09+08:00 ] 127.0.0.1 /hg/index.php?s=/Home/Login/index
INFO: [ app_init ] --START--
INFO: Run Behavior\BuildLiteBehavior [ RunTime:0.000025s ]
INFO: [ app_init ] --END-- [ RunTime:0.000572s ]
INFO: [ app_begin ] --START--
INFO: Run Behavior\ReadHtmlCacheBehavior [ RunTime:0.001023s ]
INFO: [ app_begin ] --END-- [ RunTime:0.001098s ]
INFO: [ view_parse ] --START--
INFO: [ template_filter ] --START--
INFO: Run Behavior\ContentReplaceBehavior [ RunTime:0.000080s ]
INFO: [ template_filter ] --END-- [ RunTime:0.000166s ]
INFO: Run Behavior\ParseTemplateBehavior [ RunTime:0.009254s ]
INFO: [ view_parse ] --END-- [ RunTime:0.009336s ]
INFO: [ view_filter ] --START--
INFO: Run Behavior\WriteHtmlCacheBehavior [ RunTime:0.000731s ]
INFO: [ view_filter ] --END-- [ RunTime:0.000794s ]
INFO: [ app_end ] --START--
INFO: Run Behavior\ShowPageTraceBehavior [ RunTime:0.001169s ]
INFO: [ app_end ] --END-- [ RunTime:0.001300s ]

