[ 2017-01-02T00:57:12+08:00 ] 127.0.0.1 /hg/
INFO: [ app_init ] --START--
INFO: Run Behavior\BuildLiteBehavior [ RunTime:0.000030s ]
INFO: [ app_init ] --END-- [ RunTime:0.019580s ]
INFO: [ app_begin ] --START--
INFO: Run Behavior\ReadHtmlCacheBehavior [ RunTime:0.003087s ]
INFO: [ app_begin ] --END-- [ RunTime:0.003195s ]

[ 2017-01-02T00:57:12+08:00 ] 127.0.0.1 /hg/index.php?s=/Home/Login/index
INFO: [ app_init ] --START--
INFO: Run Behavior\BuildLiteBehavior [ RunTime:0.000023s ]
INFO: [ app_init ] --END-- [ RunTime:0.000656s ]
INFO: [ app_begin ] --START--
INFO: Run Behavior\ReadHtmlCacheBehavior [ RunTime:0.001244s ]
INFO: [ app_begin ] --END-- [ RunTime:0.001318s ]
INFO: [ view_parse ] --START--
INFO: [ template_filter ] --START--
INFO: Run Behavior\ContentReplaceBehavior [ RunTime:0.000084s ]
INFO: [ template_filter ] --END-- [ RunTime:0.000184s ]
INFO: Run Behavior\ParseTemplateBehavior [ RunTime:0.180757s ]
INFO: [ view_parse ] --END-- [ RunTime:0.180866s ]
INFO: [ view_filter ] --START--
INFO: Run Behavior\WriteHtmlCacheBehavior [ RunTime:0.017389s ]
INFO: [ view_filter ] --END-- [ RunTime:0.017482s ]
INFO: [ app_end ] --START--
INFO: Run Behavior\ShowPageTraceBehavior [ RunTime:0.016829s ]
INFO: [ app_end ] --END-- [ RunTime:0.016939s ]

[ 2017-01-02T00:57:18+08:00 ] 127.0.0.1 /hg/index.php?s=/Home/Login/login
INFO: [ app_init ] --START--
INFO: Run Behavior\BuildLiteBehavior [ RunTime:0.000023s ]
INFO: [ app_init ] --END-- [ RunTime:0.000583s ]
INFO: [ app_begin ] --START--
INFO: Run Behavior\ReadHtmlCacheBehavior [ RunTime:0.000993s ]
INFO: [ app_begin ] --END-- [ RunTime:0.001107s ]
SQL: SHOW COLUMNS FROM `hg_staff` [ RunTime:0.0457s ]
SQL: SHOW COLUMNS FROM `hg_section` [ RunTime:0.0386s ]
SQL: SHOW COLUMNS FROM `hg_unit` [ RunTime:0.0385s ]
SQL: SHOW COLUMNS FROM `hg_role` [ RunTime:0.0378s ]
SQL: SELECT Staff.id AS id,Staff.name AS name,Staff.number AS number,Staff.sectionid AS sectionid,Staff.password AS password,Staff.level AS level,Staff.roleid AS roleid,Staff.timestamp AS timestamp,Staff.locked AS locked,Section.name AS sectionname,Section.unitid AS unitid,Unit.name AS unitname,Role.name AS rolename FROM hg_staff Staff  JOIN hg_section Section ON Section.id=Staff.sectionid  JOIN hg_unit Unit ON Section.unitid=Unit.id  JOIN hg_role Role ON Staff.roleid=Role.id WHERE Staff.number = '1111111' LIMIT 1   [ RunTime:0.0016s ]
INFO: [ view_parse ] --START--
INFO: [ template_filter ] --START--
INFO: Run Behavior\ContentReplaceBehavior [ RunTime:0.000073s ]
INFO: [ template_filter ] --END-- [ RunTime:0.000224s ]
INFO: Run Behavior\ParseTemplateBehavior [ RunTime:0.048136s ]
INFO: [ view_parse ] --END-- [ RunTime:0.048238s ]
INFO: [ view_filter ] --START--
INFO: Run Behavior\WriteHtmlCacheBehavior [ RunTime:0.000581s ]
INFO: [ view_filter ] --END-- [ RunTime:0.000650s ]

[ 2017-01-02T00:57:28+08:00 ] 127.0.0.1 /hg/index.php?s=/Home/Login/login
INFO: [ app_init ] --START--
INFO: Run Behavior\BuildLiteBehavior [ RunTime:0.000022s ]
INFO: [ app_init ] --END-- [ RunTime:0.000512s ]
INFO: [ app_begin ] --START--
INFO: Run Behavior\ReadHtmlCacheBehavior [ RunTime:0.000641s ]
INFO: [ app_begin ] --END-- [ RunTime:0.000718s ]
SQL: SHOW COLUMNS FROM `hg_staff` [ RunTime:0.0170s ]
SQL: SHOW COLUMNS FROM `hg_section` [ RunTime:0.0126s ]
SQL: SHOW COLUMNS FROM `hg_unit` [ RunTime:0.0127s ]
SQL: SHOW COLUMNS FROM `hg_role` [ RunTime:0.0134s ]
SQL: SELECT Staff.id AS id,Staff.name AS name,Staff.number AS number,Staff.sectionid AS sectionid,Staff.password AS password,Staff.level AS level,Staff.roleid AS roleid,Staff.timestamp AS timestamp,Staff.locked AS locked,Section.name AS sectionname,Section.unitid AS unitid,Unit.name AS unitname,Role.name AS rolename FROM hg_staff Staff  JOIN hg_section Section ON Section.id=Staff.sectionid  JOIN hg_unit Unit ON Section.unitid=Unit.id  JOIN hg_role Role ON Staff.roleid=Role.id WHERE Staff.number = '1111111' LIMIT 1   [ RunTime:0.0014s ]

[ 2017-01-02T00:57:29+08:00 ] 127.0.0.1 /hg/index.php?s=/Home/Index/index
INFO: [ app_init ] --START--
INFO: Run Behavior\BuildLiteBehavior [ RunTime:0.000021s ]
INFO: [ app_init ] --END-- [ RunTime:0.000508s ]
INFO: [ app_begin ] --START--
INFO: Run Behavior\ReadHtmlCacheBehavior [ RunTime:0.000643s ]
INFO: [ app_begin ] --END-- [ RunTime:0.000718s ]
SQL: SHOW COLUMNS FROM `hg_placard` [ RunTime:0.0316s ]
SQL: SELECT * FROM `hg_placard` ORDER BY id desc LIMIT 10   [ RunTime:0.0007s ]
INFO: [ view_parse ] --START--
INFO: [ template_filter ] --START--
INFO: Run Behavior\ContentReplaceBehavior [ RunTime:0.000367s ]
INFO: [ template_filter ] --END-- [ RunTime:0.000456s ]
INFO: Run Behavior\ParseTemplateBehavior [ RunTime:0.435444s ]
INFO: [ view_parse ] --END-- [ RunTime:0.435553s ]
INFO: [ view_filter ] --START--
INFO: Run Behavior\WriteHtmlCacheBehavior [ RunTime:0.000587s ]
INFO: [ view_filter ] --END-- [ RunTime:0.000649s ]
INFO: [ app_end ] --START--
INFO: Run Behavior\ShowPageTraceBehavior [ RunTime:0.001056s ]
INFO: [ app_end ] --END-- [ RunTime:0.001135s ]

[ 2017-01-02T00:57:30+08:00 ] 127.0.0.1 /hg/index.php?s=/Home/Index/timer
INFO: [ app_init ] --START--
INFO: Run Behavior\BuildLiteBehavior [ RunTime:0.000131s ]
INFO: [ app_init ] --END-- [ RunTime:0.002866s ]
INFO: [ app_begin ] --START--
INFO: Run Behavior\ReadHtmlCacheBehavior [ RunTime:0.001527s ]
INFO: [ app_begin ] --END-- [ RunTime:0.001694s ]
INFO: [ app_end ] --START--
INFO: Run Behavior\ShowPageTraceBehavior [ RunTime:0.001294s ]
INFO: [ app_end ] --END-- [ RunTime:0.001446s ]

[ 2017-01-02T00:57:36+08:00 ] 127.0.0.1 /hg/index.php?s=/Home/Role/index&_=1483289856029
INFO: [ app_init ] --START--
INFO: Run Behavior\BuildLiteBehavior [ RunTime:0.000041s ]
INFO: [ app_init ] --END-- [ RunTime:0.001015s ]
INFO: [ app_begin ] --START--
INFO: Run Behavior\ReadHtmlCacheBehavior [ RunTime:0.001368s ]
INFO: [ app_begin ] --END-- [ RunTime:0.001527s ]
SQL: SHOW COLUMNS FROM `hg_role` [ RunTime:0.0172s ]
SQL: SELECT COUNT(*) AS tp_count FROM `hg_role` LIMIT 1   [ RunTime:0.0005s ]
NOTIC: [8] Undefined variable: map D:\web\webroot\localhost\hg\Application\Home\Controller\RoleController.class.php 第 24 行.
SQL: SELECT * FROM `hg_role` ORDER BY id asc LIMIT 0,50   [ RunTime:0.0009s ]
INFO: [ view_parse ] --START--
INFO: [ template_filter ] --START--
INFO: Run Behavior\ContentReplaceBehavior [ RunTime:0.000086s ]
INFO: [ template_filter ] --END-- [ RunTime:0.000175s ]
INFO: Run Behavior\ParseTemplateBehavior [ RunTime:0.049770s ]
INFO: [ view_parse ] --END-- [ RunTime:0.049869s ]
INFO: [ view_filter ] --START--
INFO: Run Behavior\WriteHtmlCacheBehavior [ RunTime:0.000589s ]
INFO: [ view_filter ] --END-- [ RunTime:0.000649s ]
INFO: [ app_end ] --START--
INFO: Run Behavior\ShowPageTraceBehavior [ RunTime:0.000890s ]
INFO: [ app_end ] --END-- [ RunTime:0.000952s ]

[ 2017-01-02T00:57:36+08:00 ] 127.0.0.1 /hg/index.php?s=/Home/Staff/index&_=1483289856788
INFO: [ app_init ] --START--
INFO: Run Behavior\BuildLiteBehavior [ RunTime:0.000044s ]
INFO: [ app_init ] --END-- [ RunTime:0.000968s ]
INFO: [ app_begin ] --START--
INFO: Run Behavior\ReadHtmlCacheBehavior [ RunTime:0.001230s ]
INFO: [ app_begin ] --END-- [ RunTime:0.001378s ]
SQL: SHOW COLUMNS FROM `hg_unit` [ RunTime:0.0134s ]
SQL: SELECT * FROM `hg_unit` WHERE `unitlock` = 0 ORDER BY id asc  [ RunTime:0.0009s ]
INFO: [ view_parse ] --START--
INFO: [ template_filter ] --START--
INFO: Run Behavior\ContentReplaceBehavior [ RunTime:0.000121s ]
INFO: [ template_filter ] --END-- [ RunTime:0.000203s ]
NOTIC: [8] Undefined variable: numPerPage D:\web\webroot\localhost\hg\Application\Runtime\Cache\Home\5673efea18de54beca1404fb76cb2e39.php 第 5 行.
NOTIC: [8] Undefined index: unitid D:\web\webroot\localhost\hg\Application\Runtime\Cache\Home\5673efea18de54beca1404fb76cb2e39.php 第 14 行.
NOTIC: [8] Undefined index: unitid D:\web\webroot\localhost\hg\Application\Runtime\Cache\Home\5673efea18de54beca1404fb76cb2e39.php 第 14 行.
NOTIC: [8] Undefined index: unitid D:\web\webroot\localhost\hg\Application\Runtime\Cache\Home\5673efea18de54beca1404fb76cb2e39.php 第 14 行.
NOTIC: [8] Undefined index: unitid D:\web\webroot\localhost\hg\Application\Runtime\Cache\Home\5673efea18de54beca1404fb76cb2e39.php 第 14 行.
NOTIC: [8] Undefined index: unitid D:\web\webroot\localhost\hg\Application\Runtime\Cache\Home\5673efea18de54beca1404fb76cb2e39.php 第 14 行.
NOTIC: [8] Undefined index: unitid D:\web\webroot\localhost\hg\Application\Runtime\Cache\Home\5673efea18de54beca1404fb76cb2e39.php 第 14 行.
NOTIC: [8] Undefined index: unitid D:\web\webroot\localhost\hg\Application\Runtime\Cache\Home\5673efea18de54beca1404fb76cb2e39.php 第 14 行.
NOTIC: [8] Undefined index: unitid D:\web\webroot\localhost\hg\Application\Runtime\Cache\Home\5673efea18de54beca1404fb76cb2e39.php 第 14 行.
NOTIC: [8] Undefined index: unitid D:\web\webroot\localhost\hg\Application\Runtime\Cache\Home\5673efea18de54beca1404fb76cb2e39.php 第 14 行.
NOTIC: [8] Undefined index: unitid D:\web\webroot\localhost\hg\Application\Runtime\Cache\Home\5673efea18de54beca1404fb76cb2e39.php 第 14 行.
NOTIC: [8] Undefined index: unitid D:\web\webroot\localhost\hg\Application\Runtime\Cache\Home\5673efea18de54beca1404fb76cb2e39.php 第 14 行.
NOTIC: [8] Undefined index: unitid D:\web\webroot\localhost\hg\Application\Runtime\Cache\Home\5673efea18de54beca1404fb76cb2e39.php 第 14 行.
NOTIC: [8] Undefined index: unitid D:\web\webroot\localhost\hg\Application\Runtime\Cache\Home\5673efea18de54beca1404fb76cb2e39.php 第 14 行.
NOTIC: [8] Undefined index: unitid D:\web\webroot\localhost\hg\Application\Runtime\Cache\Home\5673efea18de54beca1404fb76cb2e39.php 第 14 行.
NOTIC: [8] Undefined index: unitid D:\web\webroot\localhost\hg\Application\Runtime\Cache\Home\5673efea18de54beca1404fb76cb2e39.php 第 14 行.
NOTIC: [8] Undefined index: unitid D:\web\webroot\localhost\hg\Application\Runtime\Cache\Home\5673efea18de54beca1404fb76cb2e39.php 第 14 行.
NOTIC: [8] Undefined variable: numPerPage D:\web\webroot\localhost\hg\Application\Runtime\Cache\Home\5673efea18de54beca1404fb76cb2e39.php 第 22 行.
NOTIC: [8] Undefined index: unitid D:\web\webroot\localhost\hg\Application\Runtime\Cache\Home\5673efea18de54beca1404fb76cb2e39.php 第 23 行.
NOTIC: [8] Undefined variable: list D:\web\webroot\localhost\hg\Application\Runtime\Cache\Home\5673efea18de54beca1404fb76cb2e39.php 第 69 行.
NOTIC: [8] Undefined variable: numPerPage D:\web\webroot\localhost\hg\Application\Runtime\Cache\Home\5673efea18de54beca1404fb76cb2e39.php 第 84 行.
NOTIC: [8] Undefined variable: numPerPage D:\web\webroot\localhost\hg\Application\Runtime\Cache\Home\5673efea18de54beca1404fb76cb2e39.php 第 85 行.
NOTIC: [8] Undefined variable: numPerPage D:\web\webroot\localhost\hg\Application\Runtime\Cache\Home\5673efea18de54beca1404fb76cb2e39.php 第 86 行.
NOTIC: [8] Undefined variable: numPerPage D:\web\webroot\localhost\hg\Application\Runtime\Cache\Home\5673efea18de54beca1404fb76cb2e39.php 第 87 行.
NOTIC: [8] Undefined variable: totalCount D:\web\webroot\localhost\hg\Application\Runtime\Cache\Home\5673efea18de54beca1404fb76cb2e39.php 第 89 行.
NOTIC: [8] Undefined variable: totalCount D:\web\webroot\localhost\hg\Application\Runtime\Cache\Home\5673efea18de54beca1404fb76cb2e39.php 第 92 行.
NOTIC: [8] Undefined variable: numPerPage D:\web\webroot\localhost\hg\Application\Runtime\Cache\Home\5673efea18de54beca1404fb76cb2e39.php 第 92 行.
NOTIC: [8] Undefined variable: currentPage D:\web\webroot\localhost\hg\Application\Runtime\Cache\Home\5673efea18de54beca1404fb76cb2e39.php 第 92 行.
INFO: Run Behavior\ParseTemplateBehavior [ RunTime:0.063549s ]
INFO: [ view_parse ] --END-- [ RunTime:0.063632s ]
INFO: [ view_filter ] --START--
INFO: Run Behavior\WriteHtmlCacheBehavior [ RunTime:0.001013s ]
INFO: [ view_filter ] --END-- [ RunTime:0.001088s ]

